<?xml version="1.0" encoding="UTF-8"?>
<!-- Generated by org.testng.reporters.JUnitReportReporter -->
<testsuite skipped="0" hostname="RONY-POOJA" name="com.herokuapp.internet.testsuite.LoginPageTest" tests="3" failures="0" timestamp="2022-12-12T12:52:12 GMT" time="13.673" errors="0">
  <testcase name="UserSholdLoginSuccessfullyWithValidCredentials" time="6.186" classname="com.herokuapp.internet.testsuite.LoginPageTest"/>
  <system-out>
    <![CDATA[Enter username to the  fieldtomsmith[[ChromeDriver: chrome on WINDOWS (2d029d083c8d479808effc21b7d186e9)] -> name: username]
Enter password to the  fieldSuperSecretPassword![[ChromeDriver: chrome on WINDOWS (2d029d083c8d479808effc21b7d186e9)] -> name: password]
click on login button[[ChromeDriver: chrome on WINDOWS (2d029d083c8d479808effc21b7d186e9)] -> xpath: //i[contains(text(),'Login')]]
verift the text secure area[[ChromeDriver: chrome on WINDOWS (2d029d083c8d479808effc21b7d186e9)] -> xpath: //body[1]/div[2]/div[1]/div[1]/h2[1]]
verift the text secure area[[ChromeDriver: chrome on WINDOWS (2d029d083c8d479808effc21b7d186e9)] -> xpath: //body[1]/div[2]/div[1]/div[1]/h2[1]]]]>
  </system-out>
  <testcase name="verifyThePasswordErrorMessage" time="3.460" classname="com.herokuapp.internet.testsuite.LoginPageTest"/>
  <system-out>
    <![CDATA[Enter username to the  fieldtomsmith[[ChromeDriver: chrome on WINDOWS (eda9c19a0ca3f3f5be36fac68243610b)] -> name: username]
Enter username to the  fieldSuperSecretPassword[[ChromeDriver: chrome on WINDOWS (eda9c19a0ca3f3f5be36fac68243610b)] -> name: username]
click on login button[[ChromeDriver: chrome on WINDOWS (eda9c19a0ca3f3f5be36fac68243610b)] -> xpath: //i[contains(text(),'Login')]]
verift the text secure area[[ChromeDriver: chrome on WINDOWS (eda9c19a0ca3f3f5be36fac68243610b)] -> xpath: //div[@class='flash error']]
verify the error message[[ChromeDriver: chrome on WINDOWS (eda9c19a0ca3f3f5be36fac68243610b)] -> xpath: //div[@class='flash error']]]]>
  </system-out>
  <testcase name="verifyTheUsernameErrorMessage" time="4.027" classname="com.herokuapp.internet.testsuite.LoginPageTest"/>
  <system-out>
    <![CDATA[Enter username to the  fieldtomsmith1[[ChromeDriver: chrome on WINDOWS (fdaaf04729fd4f385c77ed4c3ae8301e)] -> name: username]
Enter password to the  fieldSuperSecretPassword![[ChromeDriver: chrome on WINDOWS (fdaaf04729fd4f385c77ed4c3ae8301e)] -> name: password]
click on login button[[ChromeDriver: chrome on WINDOWS (fdaaf04729fd4f385c77ed4c3ae8301e)] -> xpath: //i[contains(text(),'Login')]]
verify the error message[[ChromeDriver: chrome on WINDOWS (fdaaf04729fd4f385c77ed4c3ae8301e)] -> xpath: //div[@class='flash error']]
verify the error message[[ChromeDriver: chrome on WINDOWS (fdaaf04729fd4f385c77ed4c3ae8301e)] -> xpath: //div[@class='flash error']]]]>
  </system-out>
</testsuite> <!-- com.herokuapp.internet.testsuite.LoginPageTest -->
